多账号执行间隔：10.0
[2026-05-08 12:00:41]
[1/15]账号：0@***yz
使用加密保存的app_token
已设置为随机步数范围(26666~29999) 随机值:27919
修改步数 (27919) ✅

[2026-05-08 12:00:55]
[2/15]账号：1@***ba
使用加密保存的app_token
已设置为随机步数范围(26666~29999) 随机值:28507
修改步数 (28507) ✅

[2026-05-08 12:01:08]
[3/15]账号：1@***yz
使用加密保存的app_token
已设置为随机步数范围(26666~29999) 随机值:26984
修改步数 (26984) ✅

[2026-05-08 12:01:21]
[4/15]账号：2@***yz
使用加密保存的app_token
已设置为随机步数范围(26666~29999) 随机值:28072
修改步数 (28072) ✅

[2026-05-08 12:01:34]
[5/15]账号：6@***ba
使用加密保存的app_token
已设置为随机步数范围(26666~29999) 随机值:29884
修改步数 (29884) ✅

[2026-05-08 12:01:47]
[6/15]账号：8@***ba
使用加密保存的app_token
已设置为随机步数范围(26666~29999) 随机值:28135
修改步数 (28135) ✅

[2026-05-08 12:02:00]
[7/15]账号：9@***ba
使用加密保存的app_token
已设置为随机步数范围(26666~29999) 随机值:27930
修改步数 (27930) ✅

[2026-05-08 12:02:13]
[8/15]账号：4@m****x.me
使用加密保存的app_token
已设置为随机步数范围(26666~29999) 随机值:29487
修改步数 (29487) ✅

[2026-05-08 12:02:26]
[9/15]账号：3@m****x.me
使用加密保存的app_token
已设置为随机步数范围(26666~29999) 随机值:27595
修改步数 (27595) ✅

[2026-05-08 12:02:39]
[10/15]账号：176****0002
使用加密保存的app_token
已设置为随机步数范围(26666~29999) 随机值:29673
修改步数 (29673) ✅

[2026-05-08 12:02:52]
[11/15]账号：131****4350
使用加密保存的app_token
已设置为随机步数范围(26666~29999) 随机值:28279
修改步数 (28279) ✅

[2026-05-08 12:03:04]
[12/15]账号：wu1****.com
使用加密保存的app_token
已设置为随机步数范围(26666~29999) 随机值:29619
修改步数 (29619) ✅

[2026-05-08 12:03:18]
[13/15]账号：yua****.com
使用加密保存的app_token
已设置为随机步数范围(26666~29999) 随机值:29179
修改步数 (29179) ✅

[2026-05-08 12:03:31]
[14/15]账号：410****.com
使用加密保存的app_token
已设置为随机步数范围(26666~29999) 随机值:28561
修改步数 (28561) ✅

[2026-05-08 12:03:44]
[15/15]账号：230****.com
使用加密保存的app_token
已设置为随机步数范围(26666~29999) 随机值:29945
修改步数 (29945) ✅


执行账号总数15，成功：15
企业微信推送完毕：0-ok
